c:\users\hinat\source\repos\gameengine\gameengine\x64\debug\vc143.pdb
c:\users\hinat\source\repos\gameengine\gameengine\x64\debug\vc143.idb
c:\users\hinat\source\repos\gameengine\gameengine\x64\debug\game.obj
c:\users\hinat\source\repos\gameengine\gameengine\x64\debug\main.obj
c:\users\hinat\source\repos\gameengine\gameengine\x64\debug\direct3d.obj
c:\users\hinat\source\repos\gameengine\gameengine\x64\debug\meshcomponent.obj
c:\users\hinat\source\repos\gameengine\gameengine\x64\debug\gameobject.obj
c:\users\hinat\source\repos\gameengine\gameengine\x64\debug\mesh.obj
c:\users\hinat\source\repos\gameengine\gameengine\x64\debug\vertexarray.obj
c:\users\hinat\source\repos\gameengine\gameengine\x64\debug\shader.obj
c:\users\hinat\source\repos\gameengine\gameengine\x64\debug\mymath.obj
c:\users\hinat\source\repos\gameengine\gameengine\x64\debug\component.obj
c:\users\hinat\source\repos\gameengine\gameengine\x64\debug\texture.obj
c:\users\hinat\source\repos\gameengine\gameengine\x64\debug\cameraobject.obj
c:\users\hinat\source\repos\gameengine\gameengine\x64\debug\planeobject.obj
c:\users\hinat\source\repos\gameengine\x64\debug\phongpixel.cso
c:\users\hinat\source\repos\gameengine\x64\debug\phongvertex.cso
c:\users\hinat\source\repos\gameengine\x64\debug\gameengine.exe
c:\users\hinat\source\repos\gameengine\gameengine\x64\debug\gameengine.ilk
c:\users\hinat\source\repos\gameengine\x64\debug\gameengine.pdb
c:\users\hinat\source\repos\gameengine\gameengine\x64\debug\gameengine.res
c:\users\hinat\source\repos\gameengine\gameengine\x64\debug\framework.obj
c:\users\hinat\source\repos\gameengine\gameengine\x64\debug\gameengine.tlog\cl.command.1.tlog
c:\users\hinat\source\repos\gameengine\gameengine\x64\debug\gameengine.tlog\cl.read.1.tlog
c:\users\hinat\source\repos\gameengine\gameengine\x64\debug\gameengine.tlog\cl.write.1.tlog
c:\users\hinat\source\repos\gameengine\gameengine\x64\debug\gameengine.tlog\fxc.command.1.tlog
c:\users\hinat\source\repos\gameengine\gameengine\x64\debug\gameengine.tlog\fxc.read.1.tlog
c:\users\hinat\source\repos\gameengine\gameengine\x64\debug\gameengine.tlog\fxc.write.1.tlog
c:\users\hinat\source\repos\gameengine\gameengine\x64\debug\gameengine.tlog\link.command.1.tlog
c:\users\hinat\source\repos\gameengine\gameengine\x64\debug\gameengine.tlog\link.read.1.tlog
c:\users\hinat\source\repos\gameengine\gameengine\x64\debug\gameengine.tlog\link.write.1.tlog
c:\users\hinat\source\repos\gameengine\gameengine\x64\debug\gameengine.tlog\rc.command.1.tlog
c:\users\hinat\source\repos\gameengine\gameengine\x64\debug\gameengine.tlog\rc.read.1.tlog
c:\users\hinat\source\repos\gameengine\gameengine\x64\debug\gameengine.tlog\rc.write.1.tlog
