C:\Program Files\Microsoft Visual Studio\2022\Community\MSBuild\Microsoft\VC\v170\Microsoft.CppBuild.targets(517,5): warning MSB8028: 中間ディレクトリ (.\bin\Debug\) に別のプロジェクト (GameEngine.vcxproj) と共有されているファイルが含まれています。これにより、クリーンしてリビルド動作が適切に行われない可能性があります。
  Direct2D.cpp
  Direct3D.cpp
  RenderPass.cpp
C:\Users\hinat\source\repos\Game\Game\Framework\Source\DirectX\RenderPass.cpp(10,31): warning C4244: '=': 'FLOAT' から 'UINT' への変換です。データが失われる可能性があります。
C:\Users\hinat\source\repos\Game\Game\Framework\Source\DirectX\RenderPass.cpp(11,32): warning C4244: '=': 'FLOAT' から 'UINT' への変換です。データが失われる可能性があります。
  AudioComponent.cpp
  AudioSystem.cpp
  BallObject.cpp
  BattleScene.cpp
  Bitmap.cpp
  BoxComponent.cpp
  Building.cpp
  Bullet.cpp
  CameraComponent.cpp
C:\Users\hinat\source\repos\Game\Game\Framework\Source\Game\CameraComponent.cpp(27,37): warning C4244: '引数': 'double' から 'float' への変換です。データが失われる可能性があります。
C:\Users\hinat\source\repos\Game\Game\Framework\Source\Game\CameraComponent.cpp(27,26): warning C4244: '引数': 'double' から 'float' への変換です。データが失われる可能性があります。
  CameraObject.cpp
  ClearStage.cpp
  Component.cpp
  EnemyManager.cpp
C:\Users\hinat\source\repos\Game\Game\Framework\Source\Game\EnemyManager.cpp(88,44): warning C4267: '=': 'size_t' から 'UINT' に変換しました。データが失われているかもしれません。
  EnemyObject.cpp
  EnemySpawner.cpp
  Explosion.cpp
  FPSCamera.cpp
  コードを生成中...
  コンパイル中...
  FPSObject.cpp
C:\Users\hinat\source\repos\Game\Game\Framework\Source\Game\FPSObject.cpp(254,44): warning C4244: '引数': 'double' から 'float' への変換です。データが失われる可能性があります。
C:\Users\hinat\source\repos\Game\Game\Framework\Source\Game\FPSObject.cpp(254,30): warning C4244: '引数': 'double' から 'float' への変換です。データが失われる可能性があります。
  Floor.cpp
  Game.cpp
  GameManager.cpp
  GameObject.cpp
C:\Users\hinat\source\repos\Game\Game\Framework\Source\Game\GameObject.cpp(37,57): warning C4267: '=': 'size_t' から 'UINT' に変換しました。データが失われているかもしれません。
  GameOver.cpp
  HUD.cpp
  InputSystem.cpp
  Mesh.cpp
  MeshComponent.cpp
C:\Users\hinat\source\repos\Game\Game\Framework\Source\Game\MeshComponent.cpp(41,11): warning C4267: '引数': 'size_t' から 'UINT' に変換しました。データが失われているかもしれません。
  MoveComponent.cpp
  MoveComponent2.cpp
  MuzzleFlash.cpp
  Notification.cpp
  ObjectInstance.cpp
  OblongBuilding.cpp
  Particle.cpp
  ParticleEmitter.cpp
C:\Users\hinat\source\repos\Game\Game\Framework\Source\Game\ParticleEmitter.cpp(72,43): warning C4244: '引数': 'float' から '_Ty' への変換です。データが失われる可能性があります。
          with
          [
              _Ty=int
          ]
  PauseMenu.cpp
  PhysWorld.cpp
  コードを生成中...
  コンパイル中...
  PhysicalMove.cpp
  PlaneObject.cpp
  Scene.cpp
  Shader.cpp
C:\Users\hinat\source\repos\Game\Game\Framework\Source\Game\Shader.cpp(63,5): warning C4267: '引数': 'size_t' から 'UINT' に変換しました。データが失われているかもしれません。
  SkySphere.cpp
  Slider.cpp
  Smoke.cpp
  SoundEvent.cpp
  Spark.cpp
  SphereComponent.cpp
  SquareBuilding.cpp
  SwarmEnemy.cpp
  Text.cpp
C:\Users\hinat\source\repos\Game\Game\Framework\Source\Game\Text.cpp(30,2): warning C4267: '引数': 'size_t' から 'UINT32' に変換しました。データが失われているかもしれません。
  Texture.cpp
  TitleMenu.cpp
  TitleScene.cpp
C:\Users\hinat\source\repos\Game\Game\Framework\Source\Game\TitleScene.cpp(37,14): warning C4101: 'obj': ローカル変数は 1 度も使われていません。
  UIScreen.cpp
  VertexArray.cpp
  Wall.cpp
  Collision.cpp
  コードを生成中...
  コンパイル中...
  mymath.cpp
  main.cpp
  コードを生成中...
C:\Program Files\Microsoft Visual Studio\2022\Community\MSBuild\Microsoft\VC\v170\Microsoft.CppBuild.targets(1374,5): warning MSB8012: TargetPath(C:\Users\hinat\source\repos\Game\Game\Framework\bin\Debug\Framework.exe) が Linker の OutputFile プロパティ値 (C:\Users\hinat\source\repos\Game\Game\Framework\bin\Debug\DroneWar.exe) と一致しません。このため、プロジェクトが正常にビルドされない可能性があります。この問題を解決するには、$(OutDir)、$(TargetName)、および $(TargetExt) の各プロパティ値が、%(Link.OutputFile) で指定されている値と一致することを確認してください。
C:\Program Files\Microsoft Visual Studio\2022\Community\MSBuild\Microsoft\VC\v170\Microsoft.CppBuild.targets(1376,5): warning MSB8012: TargetName(Framework) が Linker の OutputFile プロパティ値 (DroneWar) と一致しません。このため、プロジェクトが正常にビルドされない可能性があります。この問題を解決するには、$(OutDir)、$(TargetName)、および $(TargetExt) の各プロパティ値が、%(Link.OutputFile) で指定されている値と一致することを確認してください。
  Game.vcxproj -> C:\Users\hinat\source\repos\Game\Game\Framework\bin\Debug\Framework.exe
